[2026-04-17 23:51:49] ERROR: Error: ENOENT: no such file or directory, stat 'D:\AByte-POS\frontend\dist\index.html' {"error":"ENOENT: no such file or directory, stat 'D:\\AByte-POS\\frontend\\dist\\index.html'","method":"GET","url":"/"}
[2026-04-17 23:51:49] ERROR: Error: ENOENT: no such file or directory, stat 'D:\AByte-POS\frontend\dist\index.html' {"error":"ENOENT: no such file or directory, stat 'D:\\AByte-POS\\frontend\\dist\\index.html'","method":"GET","url":"/favicon.ico"}
[2026-04-17 23:53:33] ERROR: Error: ENOENT: no such file or directory, stat 'D:\AByte-POS\frontend\dist\index.html' {"error":"ENOENT: no such file or directory, stat 'D:\\AByte-POS\\frontend\\dist\\index.html'","method":"GET","url":"/"}
[2026-04-17 23:53:33] ERROR: Error: ENOENT: no such file or directory, stat 'D:\AByte-POS\frontend\dist\index.html' {"error":"ENOENT: no such file or directory, stat 'D:\\AByte-POS\\frontend\\dist\\index.html'","method":"GET","url":"/favicon.ico"}
[2026-04-17 23:53:35] ERROR: Error: ENOENT: no such file or directory, stat 'D:\AByte-POS\frontend\dist\index.html' {"error":"ENOENT: no such file or directory, stat 'D:\\AByte-POS\\frontend\\dist\\index.html'","method":"GET","url":"/"}
[2026-04-17 23:53:35] ERROR: Error: ENOENT: no such file or directory, stat 'D:\AByte-POS\frontend\dist\index.html' {"error":"ENOENT: no such file or directory, stat 'D:\\AByte-POS\\frontend\\dist\\index.html'","method":"GET","url":"/favicon.ico"}
[2026-04-17 23:53:35] ERROR: Error: ENOENT: no such file or directory, stat 'D:\AByte-POS\frontend\dist\index.html' {"error":"ENOENT: no such file or directory, stat 'D:\\AByte-POS\\frontend\\dist\\index.html'","method":"GET","url":"/"}
[2026-04-17 23:53:35] ERROR: Error: ENOENT: no such file or directory, stat 'D:\AByte-POS\frontend\dist\index.html' {"error":"ENOENT: no such file or directory, stat 'D:\\AByte-POS\\frontend\\dist\\index.html'","method":"GET","url":"/favicon.ico"}
[2026-04-17 23:53:36] ERROR: Error: ENOENT: no such file or directory, stat 'D:\AByte-POS\frontend\dist\index.html' {"error":"ENOENT: no such file or directory, stat 'D:\\AByte-POS\\frontend\\dist\\index.html'","method":"GET","url":"/"}
[2026-04-17 23:53:36] ERROR: Error: ENOENT: no such file or directory, stat 'D:\AByte-POS\frontend\dist\index.html' {"error":"ENOENT: no such file or directory, stat 'D:\\AByte-POS\\frontend\\dist\\index.html'","method":"GET","url":"/favicon.ico"}
[2026-04-17 23:53:36] ERROR: Error: ENOENT: no such file or directory, stat 'D:\AByte-POS\frontend\dist\index.html' {"error":"ENOENT: no such file or directory, stat 'D:\\AByte-POS\\frontend\\dist\\index.html'","method":"GET","url":"/"}
[2026-04-17 23:53:36] ERROR: Error: ENOENT: no such file or directory, stat 'D:\AByte-POS\frontend\dist\index.html' {"error":"ENOENT: no such file or directory, stat 'D:\\AByte-POS\\frontend\\dist\\index.html'","method":"GET","url":"/favicon.ico"}
[2026-04-17 23:53:36] ERROR: Error: ENOENT: no such file or directory, stat 'D:\AByte-POS\frontend\dist\index.html' {"error":"ENOENT: no such file or directory, stat 'D:\\AByte-POS\\frontend\\dist\\index.html'","method":"GET","url":"/"}
[2026-04-17 23:53:36] ERROR: Error: ENOENT: no such file or directory, stat 'D:\AByte-POS\frontend\dist\index.html' {"error":"ENOENT: no such file or directory, stat 'D:\\AByte-POS\\frontend\\dist\\index.html'","method":"GET","url":"/favicon.ico"}
[2026-04-17 23:53:36] ERROR: Error: ENOENT: no such file or directory, stat 'D:\AByte-POS\frontend\dist\index.html' {"error":"ENOENT: no such file or directory, stat 'D:\\AByte-POS\\frontend\\dist\\index.html'","method":"GET","url":"/"}
[2026-04-17 23:53:36] ERROR: Error: ENOENT: no such file or directory, stat 'D:\AByte-POS\frontend\dist\index.html' {"error":"ENOENT: no such file or directory, stat 'D:\\AByte-POS\\frontend\\dist\\index.html'","method":"GET","url":"/favicon.ico"}
[2026-04-17 23:53:37] ERROR: Error: ENOENT: no such file or directory, stat 'D:\AByte-POS\frontend\dist\index.html' {"error":"ENOENT: no such file or directory, stat 'D:\\AByte-POS\\frontend\\dist\\index.html'","method":"GET","url":"/"}
[2026-04-17 23:53:37] ERROR: Error: ENOENT: no such file or directory, stat 'D:\AByte-POS\frontend\dist\index.html' {"error":"ENOENT: no such file or directory, stat 'D:\\AByte-POS\\frontend\\dist\\index.html'","method":"GET","url":"/favicon.ico"}
[2026-04-17 23:53:37] ERROR: Error: ENOENT: no such file or directory, stat 'D:\AByte-POS\frontend\dist\index.html' {"error":"ENOENT: no such file or directory, stat 'D:\\AByte-POS\\frontend\\dist\\index.html'","method":"GET","url":"/"}
[2026-04-17 23:53:37] ERROR: Error: ENOENT: no such file or directory, stat 'D:\AByte-POS\frontend\dist\index.html' {"error":"ENOENT: no such file or directory, stat 'D:\\AByte-POS\\frontend\\dist\\index.html'","method":"GET","url":"/favicon.ico"}
[2026-04-17 23:53:40] ERROR: Error: ENOENT: no such file or directory, stat 'D:\AByte-POS\frontend\dist\index.html' {"error":"ENOENT: no such file or directory, stat 'D:\\AByte-POS\\frontend\\dist\\index.html'","method":"GET","url":"/"}
[2026-04-17 23:53:40] ERROR: Error: ENOENT: no such file or directory, stat 'D:\AByte-POS\frontend\dist\index.html' {"error":"ENOENT: no such file or directory, stat 'D:\\AByte-POS\\frontend\\dist\\index.html'","method":"GET","url":"/favicon.ico"}
[2026-04-17 23:53:42] ERROR: Error: ENOENT: no such file or directory, stat 'D:\AByte-POS\frontend\dist\index.html' {"error":"ENOENT: no such file or directory, stat 'D:\\AByte-POS\\frontend\\dist\\index.html'","method":"GET","url":"/"}
[2026-04-17 23:53:42] ERROR: Error: ENOENT: no such file or directory, stat 'D:\AByte-POS\frontend\dist\index.html' {"error":"ENOENT: no such file or directory, stat 'D:\\AByte-POS\\frontend\\dist\\index.html'","method":"GET","url":"/favicon.ico"}
[2026-04-17 23:53:42] ERROR: Error: ENOENT: no such file or directory, stat 'D:\AByte-POS\frontend\dist\index.html' {"error":"ENOENT: no such file or directory, stat 'D:\\AByte-POS\\frontend\\dist\\index.html'","method":"GET","url":"/"}
[2026-04-17 23:53:42] ERROR: Error: ENOENT: no such file or directory, stat 'D:\AByte-POS\frontend\dist\index.html' {"error":"ENOENT: no such file or directory, stat 'D:\\AByte-POS\\frontend\\dist\\index.html'","method":"GET","url":"/favicon.ico"}
[2026-04-17 23:53:42] ERROR: Error: ENOENT: no such file or directory, stat 'D:\AByte-POS\frontend\dist\index.html' {"error":"ENOENT: no such file or directory, stat 'D:\\AByte-POS\\frontend\\dist\\index.html'","method":"GET","url":"/"}
[2026-04-17 23:53:42] ERROR: Error: ENOENT: no such file or directory, stat 'D:\AByte-POS\frontend\dist\index.html' {"error":"ENOENT: no such file or directory, stat 'D:\\AByte-POS\\frontend\\dist\\index.html'","method":"GET","url":"/favicon.ico"}
[2026-04-17 23:53:42] ERROR: Error: ENOENT: no such file or directory, stat 'D:\AByte-POS\frontend\dist\index.html' {"error":"ENOENT: no such file or directory, stat 'D:\\AByte-POS\\frontend\\dist\\index.html'","method":"GET","url":"/"}
[2026-04-17 23:53:42] ERROR: Error: ENOENT: no such file or directory, stat 'D:\AByte-POS\frontend\dist\index.html' {"error":"ENOENT: no such file or directory, stat 'D:\\AByte-POS\\frontend\\dist\\index.html'","method":"GET","url":"/favicon.ico"}
[2026-04-17 23:54:33] ERROR: Error: ENOENT: no such file or directory, stat 'D:\AByte-POS\frontend\dist\index.html' {"error":"ENOENT: no such file or directory, stat 'D:\\AByte-POS\\frontend\\dist\\index.html'","method":"GET","url":"/"}
[2026-04-17 23:54:33] ERROR: Error: ENOENT: no such file or directory, stat 'D:\AByte-POS\frontend\dist\index.html' {"error":"ENOENT: no such file or directory, stat 'D:\\AByte-POS\\frontend\\dist\\index.html'","method":"GET","url":"/favicon.ico"}
[2026-04-18 00:39:59] ERROR: Error: EPIPE: broken pipe, write
    at Socket._write (node:internal/net:75:18)
    at writeOrBuffer (node:internal/streams/writable:570:12)
    at _write (node:internal/streams/writable:499:10)
    at Writable.write (node:internal/streams/writable:508:10)
    at Console.log (D:\AByte-POS\backend\node_modules\winston\lib\winston\transports\console.js:87:23)
    at Console._write (D:\AByte-POS\backend\node_modules\winston-transport\modern.js:103:17)
    at doWrite (D:\AByte-POS\backend\node_modules\readable-stream\lib\_stream_writable.js:390:139)
    at writeOrBuffer (D:\AByte-POS\backend\node_modules\readable-stream\lib\_stream_writable.js:381:5)
    at Writable.write (D:\AByte-POS\backend\node_modules\readable-stream\lib\_stream_writable.js:302:11)
    at DerivedLogger.ondata (D:\AByte-POS\backend\node_modules\readable-stream\lib\_stream_readable.js:629:20) {"error":"EPIPE: broken pipe, write"}
[2026-04-18 00:56:09] ERROR: Error: ENOENT: no such file or directory, stat 'D:\AByte-POS\frontend\dist\index.html' {"error":"ENOENT: no such file or directory, stat 'D:\\AByte-POS\\frontend\\dist\\index.html'","method":"GET","url":"/api/inventory/stats"}
[2026-04-18 00:57:09] ERROR: Error: ENOENT: no such file or directory, stat 'D:\AByte-POS\frontend\dist\index.html' {"error":"ENOENT: no such file or directory, stat 'D:\\AByte-POS\\frontend\\dist\\index.html'","method":"GET","url":"/api/inventory/stats"}
[2026-04-18 00:58:35] ERROR: Error: ENOENT: no such file or directory, stat 'D:\AByte-POS\frontend\dist\index.html' {"error":"ENOENT: no such file or directory, stat 'D:\\AByte-POS\\frontend\\dist\\index.html'","method":"GET","url":"/api/inventory/stats"}
[2026-04-18 00:59:38] ERROR: Error: ENOENT: no such file or directory, stat 'D:\AByte-POS\frontend\dist\index.html' {"error":"ENOENT: no such file or directory, stat 'D:\\AByte-POS\\frontend\\dist\\index.html'","method":"GET","url":"/api/inventory/stats"}
[2026-04-18 04:12:11] ERROR: Error: ENOENT: no such file or directory, stat 'D:\AByte-POS\frontend\dist\index.html' {"error":"ENOENT: no such file or directory, stat 'D:\\AByte-POS\\frontend\\dist\\index.html'","method":"GET","url":"/api/staff/reports/salary-voucher?staff_id=1&month=4&year=2026"}
[2026-04-18 05:29:09] ERROR: Error: ENOENT: no such file or directory, stat 'D:\AByte-POS\frontend\dist\index.html' {"error":"ENOENT: no such file or directory, stat 'D:\\AByte-POS\\frontend\\dist\\index.html'","method":"GET","url":"/api/email/status"}
[2026-04-18 05:29:09] ERROR: Error: ENOENT: no such file or directory, stat 'D:\AByte-POS\frontend\dist\index.html' {"error":"ENOENT: no such file or directory, stat 'D:\\AByte-POS\\frontend\\dist\\index.html'","method":"GET","url":"/api/email/status"}
[2026-04-18 05:36:49] ERROR: Error: ENOENT: no such file or directory, stat 'D:\AByte-POS\frontend\dist\index.html' {"error":"ENOENT: no such file or directory, stat 'D:\\AByte-POS\\frontend\\dist\\index.html'","method":"GET","url":"/api/analytics/payment-methods?start_date=2026-04-01&end_date=2026-04-18"}
[2026-04-18 05:36:49] ERROR: Error: ENOENT: no such file or directory, stat 'D:\AByte-POS\frontend\dist\index.html' {"error":"ENOENT: no such file or directory, stat 'D:\\AByte-POS\\frontend\\dist\\index.html'","method":"GET","url":"/api/analytics/customer-analytics?start_date=2026-04-01&end_date=2026-04-18"}
[2026-04-18 05:36:49] ERROR: Error: ENOENT: no such file or directory, stat 'D:\AByte-POS\frontend\dist\index.html' {"error":"ENOENT: no such file or directory, stat 'D:\\AByte-POS\\frontend\\dist\\index.html'","method":"GET","url":"/api/analytics/hourly-sales?start_date=2026-04-01&end_date=2026-04-18"}
[2026-04-18 05:36:49] ERROR: Error: ENOENT: no such file or directory, stat 'D:\AByte-POS\frontend\dist\index.html' {"error":"ENOENT: no such file or directory, stat 'D:\\AByte-POS\\frontend\\dist\\index.html'","method":"GET","url":"/api/analytics/payment-methods?start_date=2026-04-01&end_date=2026-04-18"}
[2026-04-18 05:36:49] ERROR: Error: ENOENT: no such file or directory, stat 'D:\AByte-POS\frontend\dist\index.html' {"error":"ENOENT: no such file or directory, stat 'D:\\AByte-POS\\frontend\\dist\\index.html'","method":"GET","url":"/api/analytics/customer-analytics?start_date=2026-04-01&end_date=2026-04-18"}
[2026-04-18 05:36:49] ERROR: Error: ENOENT: no such file or directory, stat 'D:\AByte-POS\frontend\dist\index.html' {"error":"ENOENT: no such file or directory, stat 'D:\\AByte-POS\\frontend\\dist\\index.html'","method":"GET","url":"/api/analytics/hourly-sales?start_date=2026-04-01&end_date=2026-04-18"}
[2026-04-18 06:34:58] ERROR: Error: ENOENT: no such file or directory, stat 'D:\AByte-POS\frontend\dist\index.html' {"error":"ENOENT: no such file or directory, stat 'D:\\AByte-POS\\frontend\\dist\\index.html'","method":"GET","url":"/api/inventory-reports/low-stock?limit=6"}
[2026-04-18 06:34:58] ERROR: Error: ENOENT: no such file or directory, stat 'D:\AByte-POS\frontend\dist\index.html' {"error":"ENOENT: no such file or directory, stat 'D:\\AByte-POS\\frontend\\dist\\index.html'","method":"GET","url":"/api/inventory-reports/low-stock?limit=6"}
[2026-04-18 06:35:33] ERROR: Error: ENOENT: no such file or directory, stat 'D:\AByte-POS\frontend\dist\index.html' {"error":"ENOENT: no such file or directory, stat 'D:\\AByte-POS\\frontend\\dist\\index.html'","method":"GET","url":"/api/inventory-reports/low-stock?limit=6"}
[2026-04-18 06:35:33] ERROR: Error: ENOENT: no such file or directory, stat 'D:\AByte-POS\frontend\dist\index.html' {"error":"ENOENT: no such file or directory, stat 'D:\\AByte-POS\\frontend\\dist\\index.html'","method":"GET","url":"/api/inventory-reports/low-stock?limit=6"}
[2026-04-18 06:38:19] ERROR: Error: ENOENT: no such file or directory, stat 'D:\AByte-POS\frontend\dist\index.html' {"error":"ENOENT: no such file or directory, stat 'D:\\AByte-POS\\frontend\\dist\\index.html'","method":"GET","url":"/api/inventory-reports/low-stock?limit=6"}
[2026-04-18 06:38:19] ERROR: Error: ENOENT: no such file or directory, stat 'D:\AByte-POS\frontend\dist\index.html' {"error":"ENOENT: no such file or directory, stat 'D:\\AByte-POS\\frontend\\dist\\index.html'","method":"GET","url":"/api/inventory-reports/low-stock?limit=6"}
[2026-04-18 06:54:47] ERROR: Error: ENOENT: no such file or directory, stat 'D:\AByte-POS\frontend\dist\index.html' {"error":"ENOENT: no such file or directory, stat 'D:\\AByte-POS\\frontend\\dist\\index.html'","method":"GET","url":"/api/inventory-reports/low-stock?limit=6"}
[2026-04-18 06:54:48] ERROR: Error: ENOENT: no such file or directory, stat 'D:\AByte-POS\frontend\dist\index.html' {"error":"ENOENT: no such file or directory, stat 'D:\\AByte-POS\\frontend\\dist\\index.html'","method":"GET","url":"/api/inventory-reports/low-stock?limit=6"}
[2026-04-18 06:56:23] ERROR: Error: ENOENT: no such file or directory, stat 'D:\AByte-POS\frontend\dist\index.html' {"error":"ENOENT: no such file or directory, stat 'D:\\AByte-POS\\frontend\\dist\\index.html'","method":"GET","url":"/api/inventory-reports/low-stock?limit=6"}
[2026-04-18 06:56:23] ERROR: Error: ENOENT: no such file or directory, stat 'D:\AByte-POS\frontend\dist\index.html' {"error":"ENOENT: no such file or directory, stat 'D:\\AByte-POS\\frontend\\dist\\index.html'","method":"GET","url":"/api/inventory-reports/low-stock?limit=6"}
[2026-04-18 07:00:12] ERROR: Error: ENOENT: no such file or directory, stat 'D:\AByte-POS\frontend\dist\index.html' {"error":"ENOENT: no such file or directory, stat 'D:\\AByte-POS\\frontend\\dist\\index.html'","method":"GET","url":"/api/inventory-reports/low-stock?limit=6"}
[2026-04-18 07:00:12] ERROR: Error: ENOENT: no such file or directory, stat 'D:\AByte-POS\frontend\dist\index.html' {"error":"ENOENT: no such file or directory, stat 'D:\\AByte-POS\\frontend\\dist\\index.html'","method":"GET","url":"/api/inventory-reports/low-stock?limit=6"}
[2026-04-18 07:00:39] ERROR: Error: ENOENT: no such file or directory, stat 'D:\AByte-POS\frontend\dist\index.html' {"error":"ENOENT: no such file or directory, stat 'D:\\AByte-POS\\frontend\\dist\\index.html'","method":"GET","url":"/api/inventory-reports/low-stock?limit=6"}
[2026-04-18 07:00:39] ERROR: Error: ENOENT: no such file or directory, stat 'D:\AByte-POS\frontend\dist\index.html' {"error":"ENOENT: no such file or directory, stat 'D:\\AByte-POS\\frontend\\dist\\index.html'","method":"GET","url":"/api/inventory-reports/low-stock?limit=6"}
[2026-04-18 07:00:42] ERROR: Error: ENOENT: no such file or directory, stat 'D:\AByte-POS\frontend\dist\index.html' {"error":"ENOENT: no such file or directory, stat 'D:\\AByte-POS\\frontend\\dist\\index.html'","method":"GET","url":"/api/inventory-reports/low-stock?limit=6"}
[2026-04-18 07:01:38] ERROR: Error: ENOENT: no such file or directory, stat 'D:\AByte-POS\frontend\dist\index.html' {"error":"ENOENT: no such file or directory, stat 'D:\\AByte-POS\\frontend\\dist\\index.html'","method":"GET","url":"/api/email/status"}
[2026-04-18 07:01:38] ERROR: Error: ENOENT: no such file or directory, stat 'D:\AByte-POS\frontend\dist\index.html' {"error":"ENOENT: no such file or directory, stat 'D:\\AByte-POS\\frontend\\dist\\index.html'","method":"GET","url":"/api/email/status"}
[2026-04-18 07:22:31] ERROR: Error: ENOENT: no such file or directory, stat 'D:\AByte-POS\frontend\dist\index.html' {"error":"ENOENT: no such file or directory, stat 'D:\\AByte-POS\\frontend\\dist\\index.html'","method":"GET","url":"/api/inventory-reports/low-stock?limit=6"}
[2026-04-18 07:22:31] ERROR: Error: ENOENT: no such file or directory, stat 'D:\AByte-POS\frontend\dist\index.html' {"error":"ENOENT: no such file or directory, stat 'D:\\AByte-POS\\frontend\\dist\\index.html'","method":"GET","url":"/api/inventory-reports/low-stock?limit=6"}
[2026-04-18 07:22:34] ERROR: Error: ENOENT: no such file or directory, stat 'D:\AByte-POS\frontend\dist\index.html' {"error":"ENOENT: no such file or directory, stat 'D:\\AByte-POS\\frontend\\dist\\index.html'","method":"GET","url":"/api/inventory-reports/low-stock?limit=6"}
[2026-04-18 16:49:54] ERROR: Error: ENOENT: no such file or directory, stat 'D:\AByte-POS\frontend\dist\index.html' {"error":"ENOENT: no such file or directory, stat 'D:\\AByte-POS\\frontend\\dist\\index.html'","method":"GET","url":"/api/analytics"}
[2026-04-18 16:50:59] ERROR: Error: ENOENT: no such file or directory, stat 'D:\AByte-POS\frontend\dist\index.html' {"error":"ENOENT: no such file or directory, stat 'D:\\AByte-POS\\frontend\\dist\\index.html'","method":"GET","url":"/api/analytics"}
[2026-04-18 17:35:27] ERROR: Error: ENOENT: no such file or directory, stat 'D:\AByte-POS\frontend\dist\index.html' {"error":"ENOENT: no such file or directory, stat 'D:\\AByte-POS\\frontend\\dist\\index.html'","method":"GET","url":"/api/inventory-reports/low-stock?limit=6"}
[2026-04-18 17:35:27] ERROR: Error: ENOENT: no such file or directory, stat 'D:\AByte-POS\frontend\dist\index.html' {"error":"ENOENT: no such file or directory, stat 'D:\\AByte-POS\\frontend\\dist\\index.html'","method":"GET","url":"/api/inventory-reports/low-stock?limit=6"}
[2026-04-18 17:35:52] ERROR: Error: ENOENT: no such file or directory, stat 'D:\AByte-POS\frontend\dist\index.html' {"error":"ENOENT: no such file or directory, stat 'D:\\AByte-POS\\frontend\\dist\\index.html'","method":"GET","url":"/api/inventory-reports/low-stock?limit=6"}
[2026-04-18 17:35:52] ERROR: Error: ENOENT: no such file or directory, stat 'D:\AByte-POS\frontend\dist\index.html' {"error":"ENOENT: no such file or directory, stat 'D:\\AByte-POS\\frontend\\dist\\index.html'","method":"GET","url":"/api/inventory-reports/low-stock?limit=6"}
[2026-04-18 17:38:08] ERROR: Error: ENOENT: no such file or directory, stat 'D:\AByte-POS\frontend\dist\index.html' {"error":"ENOENT: no such file or directory, stat 'D:\\AByte-POS\\frontend\\dist\\index.html'","method":"GET","url":"/api/inventory-reports/low-stock?limit=6"}
[2026-04-18 17:38:08] ERROR: Error: ENOENT: no such file or directory, stat 'D:\AByte-POS\frontend\dist\index.html' {"error":"ENOENT: no such file or directory, stat 'D:\\AByte-POS\\frontend\\dist\\index.html'","method":"GET","url":"/api/inventory-reports/low-stock?limit=6"}
[2026-04-18 17:41:04] ERROR: Error: ENOENT: no such file or directory, stat 'D:\AByte-POS\frontend\dist\index.html' {"error":"ENOENT: no such file or directory, stat 'D:\\AByte-POS\\frontend\\dist\\index.html'","method":"GET","url":"/api/inventory-reports/low-stock?limit=6"}
[2026-04-18 17:41:04] ERROR: Error: ENOENT: no such file or directory, stat 'D:\AByte-POS\frontend\dist\index.html' {"error":"ENOENT: no such file or directory, stat 'D:\\AByte-POS\\frontend\\dist\\index.html'","method":"GET","url":"/api/inventory-reports/low-stock?limit=6"}
[2026-04-18 18:31:37] ERROR: Error: ENOENT: no such file or directory, stat 'D:\AByte-POS\frontend\dist\index.html' {"error":"ENOENT: no such file or directory, stat 'D:\\AByte-POS\\frontend\\dist\\index.html'","method":"GET","url":"/api/inventory-reports/low-stock?limit=6"}
[2026-04-18 18:31:37] ERROR: Error: ENOENT: no such file or directory, stat 'D:\AByte-POS\frontend\dist\index.html' {"error":"ENOENT: no such file or directory, stat 'D:\\AByte-POS\\frontend\\dist\\index.html'","method":"GET","url":"/api/inventory-reports/low-stock?limit=6"}
[2026-04-18 18:35:22] ERROR: Error: ENOENT: no such file or directory, stat 'D:\AByte-POS\frontend\dist\index.html' {"error":"ENOENT: no such file or directory, stat 'D:\\AByte-POS\\frontend\\dist\\index.html'","method":"GET","url":"/api/inventory-reports/low-stock?limit=6"}
[2026-04-18 18:35:22] ERROR: Error: ENOENT: no such file or directory, stat 'D:\AByte-POS\frontend\dist\index.html' {"error":"ENOENT: no such file or directory, stat 'D:\\AByte-POS\\frontend\\dist\\index.html'","method":"GET","url":"/api/inventory-reports/low-stock?limit=6"}
